2021-01-31 15:24:35,364 INFO  [org.wildfly.extension.undertow] (ServerService Thread Pool -- 34) WFLYUT0022: Unregistered web context: '/firstapp' from server 'default-server'
2021-01-31 15:24:35,475 INFO  [org.jboss.as.server.deployment] (MSC service thread 1-3) WFLYSRV0028: Stopped deployment firstapp.war (runtime-name: firstapp.war) in 114ms
2021-01-31 15:24:35,506 INFO  [org.jboss.as.server] (External Management Request Threads -- 1) WFLYSRV0009: Undeployed "firstapp.war" (runtime-name: "firstapp.war")
2021-01-31 15:24:48,473 INFO  [org.jboss.as.repository] (External Management Request Threads -- 1) WFLYDR0002: Content removed from location d:\WildFly\standalone\data\content\ed\7bbe457e221510311c3077330a850191940ecc\content
2021-01-31 15:35:52,427 INFO  [org.jboss.as.repository] (management-handler-thread - 2) WFLYDR0001: Content added at location d:\WildFly\standalone\data\content\0b\722fccccd70f800ea1a67196b365256b615925\content
2021-01-31 15:35:52,430 INFO  [org.jboss.as.server.deployment] (MSC service thread 1-2) WFLYSRV0027: Starting deployment of "first-web-app.war" (runtime-name: "first-web-app.war")
2021-01-31 15:35:52,589 INFO  [org.wildfly.extension.undertow] (ServerService Thread Pool -- 83) WFLYUT0021: Registered web context: '/first-web-app' for server 'default-server'
2021-01-31 15:35:52,602 INFO  [org.jboss.as.server] (management-handler-thread - 2) WFLYSRV0010: Deployed "first-web-app.war" (runtime-name : "first-web-app.war")
2021-01-31 15:37:52,145 INFO  [ru.geekbrains.FirstServlet] (default task-1) First Servlet is init
2021-01-31 15:37:52,146 INFO  [ru.geekbrains.FirstServlet] (default task-1) New request to FirstServlet
2021-01-31 15:40:10,423 INFO  [org.jboss.as.server] (Thread-2) WFLYSRV0272: Suspending server
2021-01-31 15:40:10,429 INFO  [org.jboss.as.ejb3] (Thread-2) WFLYEJB0493: EJB subsystem suspension complete
2021-01-31 15:40:10,434 INFO  [org.jboss.as.server] (Thread-2) WFLYSRV0220: Server shutdown has been requested via an OS signal
2021-01-31 15:40:10,478 INFO  [org.jboss.as.mail.extension] (MSC service thread 1-4) WFLYMAIL0002: Unbound mail session [java:jboss/mail/Default]
2021-01-31 15:40:10,481 INFO  [org.wildfly.extension.undertow] (ServerService Thread Pool -- 83) WFLYUT0022: Unregistered web context: '/first-web-app' from server 'default-server'
2021-01-31 15:40:10,495 INFO  [org.jboss.as.connector.subsystems.datasources] (MSC service thread 1-3) WFLYJCA0010: Unbound data source [java:jboss/datasources/ExampleDS]
2021-01-31 15:40:10,496 INFO  [org.wildfly.extension.undertow] (MSC service thread 1-6) WFLYUT0019: Host default-host stopping
2021-01-31 15:40:10,503 INFO  [org.jboss.as.connector.deployers.jdbc] (MSC service thread 1-3) WFLYJCA0019: Stopped Driver service with driver-name = h2
2021-01-31 15:40:10,511 INFO  [org.wildfly.extension.undertow] (MSC service thread 1-6) WFLYUT0008: Undertow HTTPS listener https suspending
2021-01-31 15:40:10,513 INFO  [org.wildfly.extension.undertow] (MSC service thread 1-7) WFLYUT0008: Undertow HTTP listener default suspending
2021-01-31 15:40:10,514 INFO  [org.wildfly.extension.undertow] (MSC service thread 1-6) WFLYUT0007: Undertow HTTPS listener https stopped, was bound to 127.0.0.1:8443
2021-01-31 15:40:10,515 INFO  [org.jboss.as.clustering.infinispan] (ServerService Thread Pool -- 85) WFLYCLINF0003: Stopped http-remoting-connector cache from ejb container
2021-01-31 15:40:10,516 INFO  [org.wildfly.extension.undertow] (MSC service thread 1-7) WFLYUT0007: Undertow HTTP listener default stopped, was bound to 127.0.0.1:8080
2021-01-31 15:40:10,519 INFO  [org.wildfly.extension.undertow] (MSC service thread 1-2) WFLYUT0004: Undertow 2.2.3.Final stopping
2021-01-31 15:40:10,522 INFO  [org.infinispan.manager.DefaultCacheManager] (ServerService Thread Pool -- 85) Stopping cache manager null on null
2021-01-31 15:40:10,528 INFO  [org.jboss.as.server.deployment] (MSC service thread 1-1) WFLYSRV0028: Stopped deployment first-web-app.war (runtime-name: first-web-app.war) in 80ms
2021-01-31 15:40:10,531 INFO  [org.jboss.as] (MSC service thread 1-5) WFLYSRV0050: WildFly Full 22.0.0.Final (WildFly Core 14.0.0.Final) stopped in 83ms
2021-01-31 15:40:39,998 INFO  [org.jboss.modules] (main) JBoss Modules version 1.11.0.Final
2021-01-31 15:40:42,357 INFO  [org.jboss.msc] (main) JBoss MSC version 1.4.12.Final
2021-01-31 15:40:42,367 INFO  [org.jboss.threads] (main) JBoss Threads version 2.4.0.Final
2021-01-31 15:40:42,477 INFO  [org.jboss.as] (MSC service thread 1-2) WFLYSRV0049: WildFly Full 22.0.0.Final (WildFly Core 14.0.0.Final) starting
2021-01-31 15:40:42,479 DEBUG [org.jboss.as.config] (MSC service thread 1-2) Configured system properties:
	awt.toolkit = sun.awt.windows.WToolkit
	file.encoding = Cp1251
	file.encoding.pkg = sun.io
	file.separator = \
	java.awt.graphicsenv = sun.awt.Win32GraphicsEnvironment
	java.awt.headless = true
	java.awt.printerjob = sun.awt.windows.WPrinterJob
	java.class.path = d:\WildFly\jboss-modules.jar
	java.class.version = 52.0
	java.endorsed.dirs = C:\Program Files\Java\jre1.8.0_281\lib\endorsed
	java.ext.dirs = C:\Program Files\Java\jre1.8.0_281\lib\ext;C:\WINDOWS\Sun\Java\lib\ext
	java.home = C:\Program Files\Java\jre1.8.0_281
	java.io.tmpdir = C:\Users\hpa\AppData\Local\Temp\
	java.library.path = C:\Program Files (x86)\Common Files\Oracle\Java\javapath;C:\WINDOWS\Sun\Java\bin;C:\WINDOWS\system32;C:\WINDOWS;C:\Program Files (x86)\Common Files\Oracle\Java\javapath;C:\WINDOWS\system32;C:\WINDOWS;C:\WINDOWS\System32\Wbem;C:\WINDOWS\System32\WindowsPowerShell\v1.0\;C:\WINDOWS\System32\OpenSSH\;C:\Program Files\Git\cmd;D:\Programs\Brackets\command;C:\Users\hpa\AppData\Local\Microsoft\WindowsApps;;D:\Programs\JetBrains\IntelliJ IDEA Community Edition 2020.3.1\bin;;.
	java.net.preferIPv4Stack = true
	java.runtime.name = Java(TM) SE Runtime Environment
	java.runtime.version = 1.8.0_281-b09
	java.specification.name = Java Platform API Specification
	java.specification.vendor = Oracle Corporation
	java.specification.version = 1.8
	java.util.logging.manager = org.jboss.logmanager.LogManager
	java.vendor = Oracle Corporation
	java.vendor.url = http://java.oracle.com/
	java.vendor.url.bug = http://bugreport.sun.com/bugreport/
	java.version = 1.8.0_281
	java.vm.info = mixed mode
	java.vm.name = Java HotSpot(TM) 64-Bit Server VM
	java.vm.specification.name = Java Virtual Machine Specification
	java.vm.specification.vendor = Oracle Corporation
	java.vm.specification.version = 1.8
	java.vm.vendor = Oracle Corporation
	java.vm.version = 25.281-b09
	javax.management.builder.initial = org.jboss.as.jmx.PluggableMBeanServerBuilder
	jboss.home.dir = d:\WildFly
	jboss.host.name = desktop-mj4fbr7
	jboss.modules.dir = d:\WildFly\modules
	jboss.modules.system.pkgs = org.jboss.byteman
	jboss.node.name = desktop-mj4fbr7
	jboss.qualified.host.name = desktop-mj4fbr7
	jboss.server.base.dir = d:\WildFly\standalone
	jboss.server.config.dir = d:\WildFly\standalone\configuration
	jboss.server.data.dir = d:\WildFly\standalone\data
	jboss.server.deploy.dir = d:\WildFly\standalone\data\content
	jboss.server.log.dir = d:\WildFly\standalone\log
	jboss.server.name = desktop-mj4fbr7
	jboss.server.persist.config = true
	jboss.server.temp.dir = d:\WildFly\standalone\tmp
	line.separator = 

	logging.configuration = file:d:\WildFly\standalone\configuration/logging.properties
	module.path = d:\WildFly\modules
	org.jboss.boot.log.file = d:\WildFly\standalone\log\server.log
	org.jboss.resolver.warning = true
	os.arch = amd64
	os.name = Windows 10
	os.version = 10.0
	path.separator = ;
	program.name = standalone.bat
	sun.arch.data.model = 64
	sun.boot.class.path = C:\Program Files\Java\jre1.8.0_281\lib\resources.jar;C:\Program Files\Java\jre1.8.0_281\lib\rt.jar;C:\Program Files\Java\jre1.8.0_281\lib\sunrsasign.jar;C:\Program Files\Java\jre1.8.0_281\lib\jsse.jar;C:\Program Files\Java\jre1.8.0_281\lib\jce.jar;C:\Program Files\Java\jre1.8.0_281\lib\charsets.jar;C:\Program Files\Java\jre1.8.0_281\lib\jfr.jar;C:\Program Files\Java\jre1.8.0_281\classes
	sun.boot.library.path = C:\Program Files\Java\jre1.8.0_281\bin
	sun.cpu.endian = little
	sun.cpu.isalist = amd64
	sun.desktop = windows
	sun.io.unicode.encoding = UnicodeLittle
	sun.java.command = d:\WildFly\jboss-modules.jar -mp d:\WildFly\modules org.jboss.as.standalone -Djboss.home.dir=d:\WildFly --debug
	sun.java.launcher = SUN_STANDARD
	sun.jnu.encoding = Cp1251
	sun.management.compiler = HotSpot 64-Bit Tiered Compilers
	sun.os.patch.level = 
	sun.stderr.encoding = cp866
	sun.stdout.encoding = cp866
	user.country = RU
	user.dir = d:\WildFly\bin
	user.home = C:\Users\hpa
	user.language = ru
	user.name = hpa
	user.script = 
	user.timezone = Europe/Moscow
	user.variant = 
2021-01-31 15:40:42,480 DEBUG [org.jboss.as.config] (MSC service thread 1-2) VM Arguments: -Dprogram.name=standalone.bat -Xms64M -Xmx512M -XX:MetaspaceSize=96M -XX:MaxMetaspaceSize=256m -Djava.net.preferIPv4Stack=true -Djboss.modules.system.pkgs=org.jboss.byteman -Djava.awt.headless=true -agentlib:jdwp=transport=dt_socket,address=8787,server=y,suspend=n -Dorg.jboss.boot.log.file=d:\WildFly\standalone\log\server.log -Dlogging.configuration=file:d:\WildFly\standalone\configuration/logging.properties 
2021-01-31 15:40:44,837 INFO  [org.wildfly.security] (ServerService Thread Pool -- 28) ELY00001: WildFly Elytron version 1.14.1.Final
2021-01-31 15:40:47,520 INFO  [org.jboss.as.controller.management-deprecated] (Controller Boot Thread) WFLYCTL0028: Attribute 'security-realm' in the resource at address '/core-service=management/management-interface=http-interface' is deprecated, and may be removed in a future version. See the attribute description in the output of the read-resource-description operation to learn more about the deprecation.
2021-01-31 15:40:47,540 INFO  [org.jboss.as.controller.management-deprecated] (ServerService Thread Pool -- 27) WFLYCTL0028: Attribute 'security-realm' in the resource at address '/subsystem=undertow/server=default-server/https-listener=https' is deprecated, and may be removed in a future version. See the attribute description in the output of the read-resource-description operation to learn more about the deprecation.
2021-01-31 15:40:47,651 INFO  [org.jboss.as.server] (Controller Boot Thread) WFLYSRV0039: Creating http management service using socket-binding (management-http)
2021-01-31 15:40:47,666 INFO  [org.xnio] (MSC service thread 1-6) XNIO version 3.8.4.Final
2021-01-31 15:40:47,673 INFO  [org.xnio.nio] (MSC service thread 1-6) XNIO NIO Implementation Version 3.8.4.Final
2021-01-31 15:40:47,710 WARN  [org.jboss.as.txn] (ServerService Thread Pool -- 74) WFLYTX0013: The node-identifier attribute on the /subsystem=transactions is set to the default value. This is a danger for environments running multiple servers. Please make sure the attribute value is unique.
2021-01-31 15:40:47,729 INFO  [org.jboss.as.security] (ServerService Thread Pool -- 72) WFLYSEC0002: Activating Security Subsystem
2021-01-31 15:40:47,730 INFO  [org.jboss.as.webservices] (ServerService Thread Pool -- 76) WFLYWS0002: Activating WebServices Extension
2021-01-31 15:40:47,740 INFO  [org.wildfly.extension.microprofile.opentracing] (ServerService Thread Pool -- 65) WFLYTRACEXT0001: Activating MicroProfile OpenTracing Subsystem
2021-01-31 15:40:47,748 INFO  [org.wildfly.extension.microprofile.config.smallrye._private] (ServerService Thread Pool -- 63) WFLYCONF0001: Activating WildFly MicroProfile Config Subsystem
2021-01-31 15:40:47,751 INFO  [org.jboss.as.clustering.infinispan] (ServerService Thread Pool -- 53) WFLYCLINF0001: Activating Infinispan subsystem.
2021-01-31 15:40:47,751 INFO  [org.wildfly.extension.health] (ServerService Thread Pool -- 52) WFLYHEALTH0001: Activating Base Health Subsystem
2021-01-31 15:40:47,753 INFO  [org.jboss.as.naming] (ServerService Thread Pool -- 66) WFLYNAM0001: Activating Naming Subsystem
2021-01-31 15:40:47,758 INFO  [org.wildfly.extension.microprofile.jwt.smallrye._private] (ServerService Thread Pool -- 64) WFLYJWT0001: Activating WildFly MicroProfile JWT Subsystem
2021-01-31 15:40:47,768 INFO  [org.jboss.as.security] (MSC service thread 1-7) WFLYSEC0001: Current PicketBox version=5.0.3.Final-redhat-00007
2021-01-31 15:40:47,781 INFO  [org.jboss.as.jsf] (ServerService Thread Pool -- 60) WFLYJSF0007: Activated the following JSF Implementations: [main]
2021-01-31 15:40:47,808 INFO  [org.jboss.as.connector] (MSC service thread 1-2) WFLYJCA0009: Starting JCA Subsystem (WildFly/IronJacamar @VERSION@)
2021-01-31 15:40:47,827 INFO  [org.wildfly.extension.metrics] (ServerService Thread Pool -- 62) WFLYMETRICS0001: Activating Base Metrics Subsystem
2021-01-31 15:40:47,840 INFO  [org.jboss.as.connector.subsystems.datasources] (ServerService Thread Pool -- 44) WFLYJCA0004: Deploying JDBC-compliant driver class org.h2.Driver (version 1.4)
2021-01-31 15:40:47,928 INFO  [org.wildfly.extension.undertow] (MSC service thread 1-2) WFLYUT0003: Undertow 2.2.3.Final starting
2021-01-31 15:40:47,948 INFO  [org.jboss.as.connector.deployers.jdbc] (MSC service thread 1-8) WFLYJCA0018: Started Driver service with driver-name = h2
2021-01-31 15:40:48,001 INFO  [org.jboss.as.mail.extension] (MSC service thread 1-3) WFLYMAIL0001: Bound mail session [java:jboss/mail/Default]
2021-01-31 15:40:48,003 INFO  [org.jboss.as.naming] (MSC service thread 1-3) WFLYNAM0003: Starting Naming Service
2021-01-31 15:40:48,010 INFO  [org.jboss.as.jaxrs] (ServerService Thread Pool -- 55) WFLYRS0016: RESTEasy version 3.14.0.Final
2021-01-31 15:40:48,162 WARN  [org.wildfly.extension.elytron] (MSC service thread 1-2) WFLYELY00023: KeyStore file 'd:\WildFly\standalone\configuration\application.keystore' does not exist. Used blank.
2021-01-31 15:40:48,179 INFO  [org.wildfly.extension.undertow] (ServerService Thread Pool -- 75) WFLYUT0014: Creating file handler for path 'd:\WildFly/welcome-content' with options [directory-listing: 'false', follow-symlink: 'false', case-sensitive: 'true', safe-symlink-paths: '[]']
2021-01-31 15:40:48,211 WARN  [org.wildfly.extension.elytron] (MSC service thread 1-2) WFLYELY01084: KeyStore d:\WildFly\standalone\configuration\application.keystore not found, it will be auto generated on first use with a self-signed certificate for host localhost
2021-01-31 15:40:48,530 INFO  [org.wildfly.extension.io] (ServerService Thread Pool -- 54) WFLYIO001: Worker 'default' has auto-configured to 8 IO threads with 64 max task threads based on your 4 available processors
2021-01-31 15:40:48,542 INFO  [org.jboss.as.ejb3] (MSC service thread 1-3) WFLYEJB0481: Strict pool slsb-strict-max-pool is using a max instance size of 64 (per class), which is derived from thread worker pool sizing.
2021-01-31 15:40:48,543 INFO  [org.jboss.as.ejb3] (MSC service thread 1-8) WFLYEJB0482: Strict pool mdb-strict-max-pool is using a max instance size of 16 (per class), which is derived from the number of CPUs on this host.
2021-01-31 15:40:48,571 INFO  [org.wildfly.extension.undertow] (MSC service thread 1-5) WFLYUT0012: Started server default-server.
2021-01-31 15:40:48,580 INFO  [org.wildfly.extension.undertow] (MSC service thread 1-7) WFLYUT0018: Host default-host starting
2021-01-31 15:40:48,582 INFO  [org.jboss.remoting] (MSC service thread 1-4) JBoss Remoting version 5.0.20.Final
2021-01-31 15:40:48,636 INFO  [org.wildfly.extension.undertow] (MSC service thread 1-3) WFLYUT0006: Undertow HTTP listener default listening on 127.0.0.1:8080
2021-01-31 15:40:48,677 INFO  [org.jboss.as.ejb3] (MSC service thread 1-2) WFLYEJB0493: EJB subsystem suspension complete
2021-01-31 15:40:48,744 INFO  [org.jboss.as.connector.subsystems.datasources] (MSC service thread 1-2) WFLYJCA0001: Bound data source [java:jboss/datasources/ExampleDS]
2021-01-31 15:40:51,185 INFO  [org.jboss.as.patching] (MSC service thread 1-8) WFLYPAT0050: WildFly Full cumulative patch ID is: base, one-off patches include: none
2021-01-31 15:40:51,199 WARN  [org.jboss.as.domain.management.security] (MSC service thread 1-4) WFLYDM0111: Keystore d:\WildFly\standalone\configuration\application.keystore not found, it will be auto generated on first use with a self signed certificate for host localhost
2021-01-31 15:40:51,229 INFO  [org.jboss.as.server.deployment.scanner] (MSC service thread 1-8) WFLYDS0013: Started FileSystemDeploymentService for directory d:\WildFly\standalone\deployments
2021-01-31 15:40:51,241 INFO  [org.jboss.as.server.deployment] (MSC service thread 1-3) WFLYSRV0027: Starting deployment of "first-web-app.war" (runtime-name: "first-web-app.war")
2021-01-31 15:40:51,252 INFO  [org.wildfly.extension.undertow] (MSC service thread 1-5) WFLYUT0006: Undertow HTTPS listener https listening on 127.0.0.1:8443
2021-01-31 15:40:51,858 INFO  [org.jboss.ws.common.management] (MSC service thread 1-5) JBWS022052: Starting JBossWS 5.4.2.Final (Apache CXF 3.3.7) 
2021-01-31 15:40:53,863 INFO  [org.infinispan.CONTAINER] (ServerService Thread Pool -- 78) ISPN000128: Infinispan version: Infinispan 'Corona Extra' 11.0.8.Final
2021-01-31 15:40:53,906 INFO  [org.infinispan.CONFIG] (MSC service thread 1-6) ISPN000152: Passivation configured without an eviction policy being selected. Only manually evicted entities will be passivated.
2021-01-31 15:40:53,908 INFO  [org.infinispan.CONFIG] (MSC service thread 1-6) ISPN000152: Passivation configured without an eviction policy being selected. Only manually evicted entities will be passivated.
2021-01-31 15:40:53,986 INFO  [org.infinispan.PERSISTENCE] (ServerService Thread Pool -- 78) ISPN000556: Starting user marshaller 'org.wildfly.clustering.infinispan.spi.marshalling.InfinispanProtoStreamMarshaller'
2021-01-31 15:40:54,148 INFO  [org.jboss.as.clustering.infinispan] (ServerService Thread Pool -- 78) WFLYCLINF0002: Started http-remoting-connector cache from ejb container
2021-01-31 15:40:54,256 INFO  [org.wildfly.extension.undertow] (ServerService Thread Pool -- 79) WFLYUT0021: Registered web context: '/first-web-app' for server 'default-server'
2021-01-31 15:40:54,343 INFO  [org.jboss.as.server] (Controller Boot Thread) WFLYSRV0010: Deployed "first-web-app.war" (runtime-name : "first-web-app.war")
2021-01-31 15:40:54,391 INFO  [org.jboss.as.server] (Controller Boot Thread) WFLYSRV0212: Resuming server
2021-01-31 15:40:54,394 INFO  [org.jboss.as] (Controller Boot Thread) WFLYSRV0025: WildFly Full 22.0.0.Final (WildFly Core 14.0.0.Final) started in 19305ms - Started 423 of 625 services (350 services are lazy, passive or on-demand)
2021-01-31 15:40:54,396 INFO  [org.jboss.as] (Controller Boot Thread) WFLYSRV0060: Http management interface listening on http://127.0.0.1:9990/management
2021-01-31 15:40:54,397 INFO  [org.jboss.as] (Controller Boot Thread) WFLYSRV0051: Admin console listening on http://127.0.0.1:9990
2021-01-31 15:41:03,299 INFO  [ru.geekbrains.FirstServlet] (default task-1) First Servlet is init
2021-01-31 15:41:03,300 INFO  [ru.geekbrains.FirstServlet] (default task-1) New request to FirstServlet
2021-01-31 15:45:35,430 INFO  [ru.geekbrains.FirstServlet] (default task-1) New request to FirstServlet
2021-01-31 15:45:39,307 INFO  [ru.geekbrains.FirstServlet] (default task-1) New request to FirstServlet
2021-01-31 15:45:40,880 INFO  [ru.geekbrains.FirstServlet] (default task-1) New request to FirstServlet
2021-01-31 15:45:41,878 INFO  [ru.geekbrains.FirstServlet] (default task-1) New request to FirstServlet
2021-01-31 15:46:03,889 INFO  [ru.geekbrains.FirstServlet] (default task-1) New request to FirstServlet
